11/02/2019 16:16:10 - System.FormatException: A cadeia de caracteres de entrada não estava em um formato correto.
   em System.Number.ParseDouble(String value, NumberStyles options, NumberFormatInfo numfmt)
   em System.Double.Parse(String s, IFormatProvider provider)
   em CoordinatorMap.Utils.ParseDouble(String str) na C:\Users\Victor Luiz Ferreira\Google Drive\TCC\GitHub Versions\Filipe\Novo\UAV-Coordinator\Map\Utils\Parse.cs:linha 9
   em Coordinator.CommunicationLinks.UAVEstate(String t, String i, String p, String name) na C:\Users\Victor Luiz Ferreira\Google Drive\TCC\GitHub Versions\Filipe\Novo\UAV-Coordinator\Coordinator\CommunicationLinks.cs:linha 436 : Invalid coordinates: None, None, None, None, None, 0 
11/02/2019 16:16:12 - System.FormatException: A cadeia de caracteres de entrada não estava em um formato correto.
   em System.Number.ParseDouble(String value, NumberStyles options, NumberFormatInfo numfmt)
   em System.Double.Parse(String s, IFormatProvider provider)
   em CoordinatorMap.Utils.ParseDouble(String str) na C:\Users\Victor Luiz Ferreira\Google Drive\TCC\GitHub Versions\Filipe\Novo\UAV-Coordinator\Map\Utils\Parse.cs:linha 9
   em Coordinator.CommunicationLinks.UAVEstate(String t, String i, String p, String name) na C:\Users\Victor Luiz Ferreira\Google Drive\TCC\GitHub Versions\Filipe\Novo\UAV-Coordinator\Coordinator\CommunicationLinks.cs:linha 436 : Invalid coordinates: None, None, None, None, None, 0 
11/02/2019 16:16:15 - System.FormatException: A cadeia de caracteres de entrada não estava em um formato correto.
   em System.Number.ParseDouble(String value, NumberStyles options, NumberFormatInfo numfmt)
   em System.Double.Parse(String s, IFormatProvider provider)
   em CoordinatorMap.Utils.ParseDouble(String str) na C:\Users\Victor Luiz Ferreira\Google Drive\TCC\GitHub Versions\Filipe\Novo\UAV-Coordinator\Map\Utils\Parse.cs:linha 9
   em Coordinator.CommunicationLinks.UAVEstate(String t, String i, String p, String name) na C:\Users\Victor Luiz Ferreira\Google Drive\TCC\GitHub Versions\Filipe\Novo\UAV-Coordinator\Coordinator\CommunicationLinks.cs:linha 436 : Invalid coordinates: None, None, None, None, None, 0 
11/02/2019 16:16:20 - System.FormatException: A cadeia de caracteres de entrada não estava em um formato correto.
   em System.Number.ParseDouble(String value, NumberStyles options, NumberFormatInfo numfmt)
   em System.Double.Parse(String s, IFormatProvider provider)
   em CoordinatorMap.Utils.ParseDouble(String str) na C:\Users\Victor Luiz Ferreira\Google Drive\TCC\GitHub Versions\Filipe\Novo\UAV-Coordinator\Map\Utils\Parse.cs:linha 9
   em Coordinator.CommunicationLinks.UAVEstate(String t, String i, String p, String name) na C:\Users\Victor Luiz Ferreira\Google Drive\TCC\GitHub Versions\Filipe\Novo\UAV-Coordinator\Coordinator\CommunicationLinks.cs:linha 436 : Invalid coordinates: None, None, None, None, None, 0 
11/02/2019 16:16:27 - System.FormatException: A cadeia de caracteres de entrada não estava em um formato correto.
   em System.Number.ParseDouble(String value, NumberStyles options, NumberFormatInfo numfmt)
   em System.Double.Parse(String s, IFormatProvider provider)
   em CoordinatorMap.Utils.ParseDouble(String str) na C:\Users\Victor Luiz Ferreira\Google Drive\TCC\GitHub Versions\Filipe\Novo\UAV-Coordinator\Map\Utils\Parse.cs:linha 9
   em Coordinator.CommunicationLinks.UAVEstate(String t, String i, String p, String name) na C:\Users\Victor Luiz Ferreira\Google Drive\TCC\GitHub Versions\Filipe\Novo\UAV-Coordinator\Coordinator\CommunicationLinks.cs:linha 436 : Invalid coordinates: None, None, None, None, None, 0 
11/02/2019 16:16:28 - System.FormatException: A cadeia de caracteres de entrada não estava em um formato correto.
   em System.Number.ParseDouble(String value, NumberStyles options, NumberFormatInfo numfmt)
   em System.Double.Parse(String s, IFormatProvider provider)
   em CoordinatorMap.Utils.ParseDouble(String str) na C:\Users\Victor Luiz Ferreira\Google Drive\TCC\GitHub Versions\Filipe\Novo\UAV-Coordinator\Map\Utils\Parse.cs:linha 9
   em Coordinator.CommunicationLinks.UAVEstate(String t, String i, String p, String name) na C:\Users\Victor Luiz Ferreira\Google Drive\TCC\GitHub Versions\Filipe\Novo\UAV-Coordinator\Coordinator\CommunicationLinks.cs:linha 436 : Invalid coordinates: None, None, None, None, None, 0 
11/02/2019 16:16:37 - System.FormatException: A cadeia de caracteres de entrada não estava em um formato correto.
   em System.Number.ParseDouble(String value, NumberStyles options, NumberFormatInfo numfmt)
   em System.Double.Parse(String s, IFormatProvider provider)
   em CoordinatorMap.Utils.ParseDouble(String str) na C:\Users\Victor Luiz Ferreira\Google Drive\TCC\GitHub Versions\Filipe\Novo\UAV-Coordinator\Map\Utils\Parse.cs:linha 9
   em Coordinator.CommunicationLinks.UAVEstate(String t, String i, String p, String name) na C:\Users\Victor Luiz Ferreira\Google Drive\TCC\GitHub Versions\Filipe\Novo\UAV-Coordinator\Coordinator\CommunicationLinks.cs:linha 436 : Invalid coordinates: None, None, None, None, None, 0 
11/02/2019 16:16:41 - System.FormatException: A cadeia de caracteres de entrada não estava em um formato correto.
   em System.Number.ParseDouble(String value, NumberStyles options, NumberFormatInfo numfmt)
   em System.Double.Parse(String s, IFormatProvider provider)
   em CoordinatorMap.Utils.ParseDouble(String str) na C:\Users\Victor Luiz Ferreira\Google Drive\TCC\GitHub Versions\Filipe\Novo\UAV-Coordinator\Map\Utils\Parse.cs:linha 9
   em Coordinator.CommunicationLinks.UAVEstate(String t, String i, String p, String name) na C:\Users\Victor Luiz Ferreira\Google Drive\TCC\GitHub Versions\Filipe\Novo\UAV-Coordinator\Coordinator\CommunicationLinks.cs:linha 436 : Invalid coordinates: None, None, None, None, None, 0 
11/02/2019 16:16:42 - System.FormatException: A cadeia de caracteres de entrada não estava em um formato correto.
   em System.Number.ParseDouble(String value, NumberStyles options, NumberFormatInfo numfmt)
   em System.Double.Parse(String s, IFormatProvider provider)
   em CoordinatorMap.Utils.ParseDouble(String str) na C:\Users\Victor Luiz Ferreira\Google Drive\TCC\GitHub Versions\Filipe\Novo\UAV-Coordinator\Map\Utils\Parse.cs:linha 9
   em Coordinator.CommunicationLinks.UAVEstate(String t, String i, String p, String name) na C:\Users\Victor Luiz Ferreira\Google Drive\TCC\GitHub Versions\Filipe\Novo\UAV-Coordinator\Coordinator\CommunicationLinks.cs:linha 436 : Invalid coordinates: None, None, None, None, None, 0 
11/02/2019 16:16:44 - System.FormatException: A cadeia de caracteres de entrada não estava em um formato correto.
   em System.Number.ParseDouble(String value, NumberStyles options, NumberFormatInfo numfmt)
   em System.Double.Parse(String s, IFormatProvider provider)
   em CoordinatorMap.Utils.ParseDouble(String str) na C:\Users\Victor Luiz Ferreira\Google Drive\TCC\GitHub Versions\Filipe\Novo\UAV-Coordinator\Map\Utils\Parse.cs:linha 9
   em Coordinator.CommunicationLinks.UAVEstate(String t, String i, String p, String name) na C:\Users\Victor Luiz Ferreira\Google Drive\TCC\GitHub Versions\Filipe\Novo\UAV-Coordinator\Coordinator\CommunicationLinks.cs:linha 436 : Invalid coordinates: None, None, None, None, None, 0 
11/02/2019 16:16:44 - System.FormatException: A cadeia de caracteres de entrada não estava em um formato correto.
   em System.Number.ParseDouble(String value, NumberStyles options, NumberFormatInfo numfmt)
   em System.Double.Parse(String s, IFormatProvider provider)
   em CoordinatorMap.Utils.ParseDouble(String str) na C:\Users\Victor Luiz Ferreira\Google Drive\TCC\GitHub Versions\Filipe\Novo\UAV-Coordinator\Map\Utils\Parse.cs:linha 9
   em Coordinator.CommunicationLinks.UAVEstate(String t, String i, String p, String name) na C:\Users\Victor Luiz Ferreira\Google Drive\TCC\GitHub Versions\Filipe\Novo\UAV-Coordinator\Coordinator\CommunicationLinks.cs:linha 436 : Invalid coordinates: None, None, None, 0.0978043675423, 352, 0 
11/02/2019 16:16:45 - System.FormatException: A cadeia de caracteres de entrada não estava em um formato correto.
   em System.Number.ParseDouble(String value, NumberStyles options, NumberFormatInfo numfmt)
   em System.Double.Parse(String s, IFormatProvider provider)
   em CoordinatorMap.Utils.ParseDouble(String str) na C:\Users\Victor Luiz Ferreira\Google Drive\TCC\GitHub Versions\Filipe\Novo\UAV-Coordinator\Map\Utils\Parse.cs:linha 9
   em Coordinator.CommunicationLinks.UAVEstate(String t, String i, String p, String name) na C:\Users\Victor Luiz Ferreira\Google Drive\TCC\GitHub Versions\Filipe\Novo\UAV-Coordinator\Coordinator\CommunicationLinks.cs:linha 436 : Invalid coordinates: None, None, None, None, None, 0 
11/02/2019 16:16:45 - System.FormatException: A cadeia de caracteres de entrada não estava em um formato correto.
   em System.Number.ParseDouble(String value, NumberStyles options, NumberFormatInfo numfmt)
   em System.Double.Parse(String s, IFormatProvider provider)
   em CoordinatorMap.Utils.ParseDouble(String str) na C:\Users\Victor Luiz Ferreira\Google Drive\TCC\GitHub Versions\Filipe\Novo\UAV-Coordinator\Map\Utils\Parse.cs:linha 9
   em Coordinator.CommunicationLinks.UAVEstate(String t, String i, String p, String name) na C:\Users\Victor Luiz Ferreira\Google Drive\TCC\GitHub Versions\Filipe\Novo\UAV-Coordinator\Coordinator\CommunicationLinks.cs:linha 436 : Invalid coordinates: None, None, None, None, None, 0 
11/02/2019 16:16:46 - System.FormatException: A cadeia de caracteres de entrada não estava em um formato correto.
   em System.Number.ParseDouble(String value, NumberStyles options, NumberFormatInfo numfmt)
   em System.Double.Parse(String s, IFormatProvider provider)
   em CoordinatorMap.Utils.ParseDouble(String str) na C:\Users\Victor Luiz Ferreira\Google Drive\TCC\GitHub Versions\Filipe\Novo\UAV-Coordinator\Map\Utils\Parse.cs:linha 9
   em Coordinator.CommunicationLinks.UAVEstate(String t, String i, String p, String name) na C:\Users\Victor Luiz Ferreira\Google Drive\TCC\GitHub Versions\Filipe\Novo\UAV-Coordinator\Coordinator\CommunicationLinks.cs:linha 436 : Invalid coordinates: None, None, None, None, None, 0 
11/02/2019 16:16:46 - System.FormatException: A cadeia de caracteres de entrada não estava em um formato correto.
   em System.Number.ParseDouble(String value, NumberStyles options, NumberFormatInfo numfmt)
   em System.Double.Parse(String s, IFormatProvider provider)
   em CoordinatorMap.Utils.ParseDouble(String str) na C:\Users\Victor Luiz Ferreira\Google Drive\TCC\GitHub Versions\Filipe\Novo\UAV-Coordinator\Map\Utils\Parse.cs:linha 9
   em Coordinator.CommunicationLinks.UAVEstate(String t, String i, String p, String name) na C:\Users\Victor Luiz Ferreira\Google Drive\TCC\GitHub Versions\Filipe\Novo\UAV-Coordinator\Coordinator\CommunicationLinks.cs:linha 436 : Invalid coordinates: None, None, None, None, None, 0 
11/02/2019 16:16:57 - System.FormatException: A cadeia de caracteres de entrada não estava em um formato correto.
   em System.Number.ParseDouble(String value, NumberStyles options, NumberFormatInfo numfmt)
   em System.Double.Parse(String s, IFormatProvider provider)
   em CoordinatorMap.Utils.ParseDouble(String str) na C:\Users\Victor Luiz Ferreira\Google Drive\TCC\GitHub Versions\Filipe\Novo\UAV-Coordinator\Map\Utils\Parse.cs:linha 9
   em Coordinator.CommunicationLinks.UAVEstate(String t, String i, String p, String name) na C:\Users\Victor Luiz Ferreira\Google Drive\TCC\GitHub Versions\Filipe\Novo\UAV-Coordinator\Coordinator\CommunicationLinks.cs:linha 436 : Invalid coordinates: None, None, None, None, None, 0 
11/02/2019 16:16:57 - System.FormatException: A cadeia de caracteres de entrada não estava em um formato correto.
   em System.Number.ParseDouble(String value, NumberStyles options, NumberFormatInfo numfmt)
   em System.Double.Parse(String s, IFormatProvider provider)
   em CoordinatorMap.Utils.ParseDouble(String str) na C:\Users\Victor Luiz Ferreira\Google Drive\TCC\GitHub Versions\Filipe\Novo\UAV-Coordinator\Map\Utils\Parse.cs:linha 9
   em Coordinator.CommunicationLinks.UAVEstate(String t, String i, String p, String name) na C:\Users\Victor Luiz Ferreira\Google Drive\TCC\GitHub Versions\Filipe\Novo\UAV-Coordinator\Coordinator\CommunicationLinks.cs:linha 436 : Invalid coordinates: None, None, None, None, None, 0 
11/02/2019 16:16:58 - System.FormatException: A cadeia de caracteres de entrada não estava em um formato correto.
   em System.Number.ParseDouble(String value, NumberStyles options, NumberFormatInfo numfmt)
   em System.Double.Parse(String s, IFormatProvider provider)
   em CoordinatorMap.Utils.ParseDouble(String str) na C:\Users\Victor Luiz Ferreira\Google Drive\TCC\GitHub Versions\Filipe\Novo\UAV-Coordinator\Map\Utils\Parse.cs:linha 9
   em Coordinator.CommunicationLinks.UAVEstate(String t, String i, String p, String name) na C:\Users\Victor Luiz Ferreira\Google Drive\TCC\GitHub Versions\Filipe\Novo\UAV-Coordinator\Coordinator\CommunicationLinks.cs:linha 436 : Invalid coordinates: None, None, None, None, None, 0 
11/02/2019 16:17:09 - System.FormatException: A cadeia de caracteres de entrada não estava em um formato correto.
   em System.Number.ParseDouble(String value, NumberStyles options, NumberFormatInfo numfmt)
   em System.Double.Parse(String s, IFormatProvider provider)
   em CoordinatorMap.Utils.ParseDouble(String str) na C:\Users\Victor Luiz Ferreira\Google Drive\TCC\GitHub Versions\Filipe\Novo\UAV-Coordinator\Map\Utils\Parse.cs:linha 9
   em Coordinator.CommunicationLinks.UAVEstate(String t, String i, String p, String name) na C:\Users\Victor Luiz Ferreira\Google Drive\TCC\GitHub Versions\Filipe\Novo\UAV-Coordinator\Coordinator\CommunicationLinks.cs:linha 436 : Invalid coordinates: None, None, None, 0.196723207831, 350, 0 
11/02/2019 16:17:13 - System.FormatException: A cadeia de caracteres de entrada não estava em um formato correto.
   em System.Number.ParseDouble(String value, NumberStyles options, NumberFormatInfo numfmt)
   em System.Double.Parse(String s, IFormatProvider provider)
   em CoordinatorMap.Utils.ParseDouble(String str) na C:\Users\Victor Luiz Ferreira\Google Drive\TCC\GitHub Versions\Filipe\Novo\UAV-Coordinator\Map\Utils\Parse.cs:linha 9
   em Coordinator.CommunicationLinks.UAVEstate(String t, String i, String p, String name) na C:\Users\Victor Luiz Ferreira\Google Drive\TCC\GitHub Versions\Filipe\Novo\UAV-Coordinator\Coordinator\CommunicationLinks.cs:linha 436 : Invalid coordinates: None, None, None, 0.204620927572, 350, 0 
11/02/2019 16:17:15 - System.FormatException: A cadeia de caracteres de entrada não estava em um formato correto.
   em System.Number.ParseDouble(String value, NumberStyles options, NumberFormatInfo numfmt)
   em System.Double.Parse(String s, IFormatProvider provider)
   em CoordinatorMap.Utils.ParseDouble(String str) na C:\Users\Victor Luiz Ferreira\Google Drive\TCC\GitHub Versions\Filipe\Novo\UAV-Coordinator\Map\Utils\Parse.cs:linha 9
   em Coordinator.CommunicationLinks.UAVEstate(String t, String i, String p, String name) na C:\Users\Victor Luiz Ferreira\Google Drive\TCC\GitHub Versions\Filipe\Novo\UAV-Coordinator\Coordinator\CommunicationLinks.cs:linha 436 : Invalid coordinates: None, None, None, None, None, 0 
11/02/2019 16:17:43 - System.FormatException: A cadeia de caracteres de entrada não estava em um formato correto.
   em System.Number.ParseDouble(String value, NumberStyles options, NumberFormatInfo numfmt)
   em System.Double.Parse(String s, IFormatProvider provider)
   em CoordinatorMap.Utils.ParseDouble(String str) na C:\Users\Victor Luiz Ferreira\Google Drive\TCC\GitHub Versions\Filipe\Novo\UAV-Coordinator\Map\Utils\Parse.cs:linha 9
   em Coordinator.CommunicationLinks.UAVEstate(String t, String i, String p, String name) na C:\Users\Victor Luiz Ferreira\Google Drive\TCC\GitHub Versions\Filipe\Novo\UAV-Coordinator\Coordinator\CommunicationLinks.cs:linha 436 : Invalid coordinates: None, None, None, None, None, 0 
11/02/2019 16:17:44 - System.FormatException: A cadeia de caracteres de entrada não estava em um formato correto.
   em System.Number.ParseDouble(String value, NumberStyles options, NumberFormatInfo numfmt)
   em System.Double.Parse(String s, IFormatProvider provider)
   em CoordinatorMap.Utils.ParseDouble(String str) na C:\Users\Victor Luiz Ferreira\Google Drive\TCC\GitHub Versions\Filipe\Novo\UAV-Coordinator\Map\Utils\Parse.cs:linha 9
   em Coordinator.CommunicationLinks.UAVEstate(String t, String i, String p, String name) na C:\Users\Victor Luiz Ferreira\Google Drive\TCC\GitHub Versions\Filipe\Novo\UAV-Coordinator\Coordinator\CommunicationLinks.cs:linha 436 : Invalid coordinates: None, None, None, None, None, 0 
11/02/2019 16:17:46 - System.FormatException: A cadeia de caracteres de entrada não estava em um formato correto.
   em System.Number.ParseDouble(String value, NumberStyles options, NumberFormatInfo numfmt)
   em System.Double.Parse(String s, IFormatProvider provider)
   em CoordinatorMap.Utils.ParseDouble(String str) na C:\Users\Victor Luiz Ferreira\Google Drive\TCC\GitHub Versions\Filipe\Novo\UAV-Coordinator\Map\Utils\Parse.cs:linha 9
   em Coordinator.CommunicationLinks.UAVEstate(String t, String i, String p, String name) na C:\Users\Victor Luiz Ferreira\Google Drive\TCC\GitHub Versions\Filipe\Novo\UAV-Coordinator\Coordinator\CommunicationLinks.cs:linha 436 : Invalid coordinates: None, None, None, None, None, 0 
11/02/2019 16:17:49 - System.FormatException: A cadeia de caracteres de entrada não estava em um formato correto.
   em System.Number.ParseDouble(String value, NumberStyles options, NumberFormatInfo numfmt)
   em System.Double.Parse(String s, IFormatProvider provider)
   em CoordinatorMap.Utils.ParseDouble(String str) na C:\Users\Victor Luiz Ferreira\Google Drive\TCC\GitHub Versions\Filipe\Novo\UAV-Coordinator\Map\Utils\Parse.cs:linha 9
   em Coordinator.CommunicationLinks.UAVEstate(String t, String i, String p, String name) na C:\Users\Victor Luiz Ferreira\Google Drive\TCC\GitHub Versions\Filipe\Novo\UAV-Coordinator\Coordinator\CommunicationLinks.cs:linha 436 : Invalid coordinates: None, None, None, None, None, 0 
11/02/2019 16:17:50 - System.FormatException: A cadeia de caracteres de entrada não estava em um formato correto.
   em System.Number.ParseDouble(String value, NumberStyles options, NumberFormatInfo numfmt)
   em System.Double.Parse(String s, IFormatProvider provider)
   em CoordinatorMap.Utils.ParseDouble(String str) na C:\Users\Victor Luiz Ferreira\Google Drive\TCC\GitHub Versions\Filipe\Novo\UAV-Coordinator\Map\Utils\Parse.cs:linha 9
   em Coordinator.CommunicationLinks.UAVEstate(String t, String i, String p, String name) na C:\Users\Victor Luiz Ferreira\Google Drive\TCC\GitHub Versions\Filipe\Novo\UAV-Coordinator\Coordinator\CommunicationLinks.cs:linha 436 : Invalid coordinates: None, None, None, None, None, 0 
11/02/2019 16:17:51 - System.FormatException: A cadeia de caracteres de entrada não estava em um formato correto.
   em System.Number.ParseDouble(String value, NumberStyles options, NumberFormatInfo numfmt)
   em System.Double.Parse(String s, IFormatProvider provider)
   em CoordinatorMap.Utils.ParseDouble(String str) na C:\Users\Victor Luiz Ferreira\Google Drive\TCC\GitHub Versions\Filipe\Novo\UAV-Coordinator\Map\Utils\Parse.cs:linha 9
   em Coordinator.CommunicationLinks.UAVEstate(String t, String i, String p, String name) na C:\Users\Victor Luiz Ferreira\Google Drive\TCC\GitHub Versions\Filipe\Novo\UAV-Coordinator\Coordinator\CommunicationLinks.cs:linha 436 : Invalid coordinates: None, None, None, None, None, 0 
11/02/2019 16:17:59 - System.FormatException: A cadeia de caracteres de entrada não estava em um formato correto.
   em System.Number.ParseDouble(String value, NumberStyles options, NumberFormatInfo numfmt)
   em System.Double.Parse(String s, IFormatProvider provider)
   em CoordinatorMap.Utils.ParseDouble(String str) na C:\Users\Victor Luiz Ferreira\Google Drive\TCC\GitHub Versions\Filipe\Novo\UAV-Coordinator\Map\Utils\Parse.cs:linha 9
   em Coordinator.CommunicationLinks.UAVEstate(String t, String i, String p, String name) na C:\Users\Victor Luiz Ferreira\Google Drive\TCC\GitHub Versions\Filipe\Novo\UAV-Coordinator\Coordinator\CommunicationLinks.cs:linha 436 : Invalid coordinates: None, None, None, None, None, 0 
11/02/2019 16:18:04 - System.FormatException: A cadeia de caracteres de entrada não estava em um formato correto.
   em System.Number.ParseDouble(String value, NumberStyles options, NumberFormatInfo numfmt)
   em System.Double.Parse(String s, IFormatProvider provider)
   em CoordinatorMap.Utils.ParseDouble(String str) na C:\Users\Victor Luiz Ferreira\Google Drive\TCC\GitHub Versions\Filipe\Novo\UAV-Coordinator\Map\Utils\Parse.cs:linha 9
   em Coordinator.CommunicationLinks.UAVEstate(String t, String i, String p, String name) na C:\Users\Victor Luiz Ferreira\Google Drive\TCC\GitHub Versions\Filipe\Novo\UAV-Coordinator\Coordinator\CommunicationLinks.cs:linha 436 : Invalid coordinates: None, None, None, None, None, 0 
11/02/2019 16:18:06 - System.FormatException: A cadeia de caracteres de entrada não estava em um formato correto.
   em System.Number.ParseDouble(String value, NumberStyles options, NumberFormatInfo numfmt)
   em System.Double.Parse(String s, IFormatProvider provider)
   em CoordinatorMap.Utils.ParseDouble(String str) na C:\Users\Victor Luiz Ferreira\Google Drive\TCC\GitHub Versions\Filipe\Novo\UAV-Coordinator\Map\Utils\Parse.cs:linha 9
   em Coordinator.CommunicationLinks.UAVEstate(String t, String i, String p, String name) na C:\Users\Victor Luiz Ferreira\Google Drive\TCC\GitHub Versions\Filipe\Novo\UAV-Coordinator\Coordinator\CommunicationLinks.cs:linha 436 : Invalid coordinates: None, None, None, None, None, 0 
11/02/2019 16:18:09 - System.FormatException: A cadeia de caracteres de entrada não estava em um formato correto.
   em System.Number.ParseDouble(String value, NumberStyles options, NumberFormatInfo numfmt)
   em System.Double.Parse(String s, IFormatProvider provider)
   em CoordinatorMap.Utils.ParseDouble(String str) na C:\Users\Victor Luiz Ferreira\Google Drive\TCC\GitHub Versions\Filipe\Novo\UAV-Coordinator\Map\Utils\Parse.cs:linha 9
   em Coordinator.CommunicationLinks.UAVEstate(String t, String i, String p, String name) na C:\Users\Victor Luiz Ferreira\Google Drive\TCC\GitHub Versions\Filipe\Novo\UAV-Coordinator\Coordinator\CommunicationLinks.cs:linha 436 : Invalid coordinates: None, None, None, None, None, 0 
11/02/2019 16:18:12 - System.FormatException: A cadeia de caracteres de entrada não estava em um formato correto.
   em System.Number.ParseDouble(String value, NumberStyles options, NumberFormatInfo numfmt)
   em System.Double.Parse(String s, IFormatProvider provider)
   em CoordinatorMap.Utils.ParseDouble(String str) na C:\Users\Victor Luiz Ferreira\Google Drive\TCC\GitHub Versions\Filipe\Novo\UAV-Coordinator\Map\Utils\Parse.cs:linha 9
   em Coordinator.CommunicationLinks.UAVEstate(String t, String i, String p, String name) na C:\Users\Victor Luiz Ferreira\Google Drive\TCC\GitHub Versions\Filipe\Novo\UAV-Coordinator\Coordinator\CommunicationLinks.cs:linha 436 : Invalid coordinates: None, None, None, None, None, 0 
11/02/2019 16:18:15 - System.FormatException: A cadeia de caracteres de entrada não estava em um formato correto.
   em System.Number.ParseDouble(String value, NumberStyles options, NumberFormatInfo numfmt)
   em System.Double.Parse(String s, IFormatProvider provider)
   em CoordinatorMap.Utils.ParseDouble(String str) na C:\Users\Victor Luiz Ferreira\Google Drive\TCC\GitHub Versions\Filipe\Novo\UAV-Coordinator\Map\Utils\Parse.cs:linha 9
   em Coordinator.CommunicationLinks.UAVEstate(String t, String i, String p, String name) na C:\Users\Victor Luiz Ferreira\Google Drive\TCC\GitHub Versions\Filipe\Novo\UAV-Coordinator\Coordinator\CommunicationLinks.cs:linha 436 : Invalid coordinates: None, None, None, None, None, 0 
11/02/2019 16:18:20 - System.FormatException: A cadeia de caracteres de entrada não estava em um formato correto.
   em System.Number.ParseDouble(String value, NumberStyles options, NumberFormatInfo numfmt)
   em System.Double.Parse(String s, IFormatProvider provider)
   em CoordinatorMap.Utils.ParseDouble(String str) na C:\Users\Victor Luiz Ferreira\Google Drive\TCC\GitHub Versions\Filipe\Novo\UAV-Coordinator\Map\Utils\Parse.cs:linha 9
   em Coordinator.CommunicationLinks.UAVEstate(String t, String i, String p, String name) na C:\Users\Victor Luiz Ferreira\Google Drive\TCC\GitHub Versions\Filipe\Novo\UAV-Coordinator\Coordinator\CommunicationLinks.cs:linha 436 : Invalid coordinates: None, None, None, None, None, 0 
11/02/2019 16:18:20 - System.FormatException: A cadeia de caracteres de entrada não estava em um formato correto.
   em System.Number.ParseDouble(String value, NumberStyles options, NumberFormatInfo numfmt)
   em System.Double.Parse(String s, IFormatProvider provider)
   em CoordinatorMap.Utils.ParseDouble(String str) na C:\Users\Victor Luiz Ferreira\Google Drive\TCC\GitHub Versions\Filipe\Novo\UAV-Coordinator\Map\Utils\Parse.cs:linha 9
   em Coordinator.CommunicationLinks.UAVEstate(String t, String i, String p, String name) na C:\Users\Victor Luiz Ferreira\Google Drive\TCC\GitHub Versions\Filipe\Novo\UAV-Coordinator\Coordinator\CommunicationLinks.cs:linha 436 : Invalid coordinates: None, None, None, None, None, 0 
11/02/2019 16:18:23 - System.FormatException: A cadeia de caracteres de entrada não estava em um formato correto.
   em System.Number.ParseDouble(String value, NumberStyles options, NumberFormatInfo numfmt)
   em System.Double.Parse(String s, IFormatProvider provider)
   em CoordinatorMap.Utils.ParseDouble(String str) na C:\Users\Victor Luiz Ferreira\Google Drive\TCC\GitHub Versions\Filipe\Novo\UAV-Coordinator\Map\Utils\Parse.cs:linha 9
   em Coordinator.CommunicationLinks.UAVEstate(String t, String i, String p, String name) na C:\Users\Victor Luiz Ferreira\Google Drive\TCC\GitHub Versions\Filipe\Novo\UAV-Coordinator\Coordinator\CommunicationLinks.cs:linha 436 : Invalid coordinates: None, None, None, None, None, 0 
11/02/2019 16:18:26 - System.FormatException: A cadeia de caracteres de entrada não estava em um formato correto.
   em System.Number.ParseDouble(String value, NumberStyles options, NumberFormatInfo numfmt)
   em System.Double.Parse(String s, IFormatProvider provider)
   em CoordinatorMap.Utils.ParseDouble(String str) na C:\Users\Victor Luiz Ferreira\Google Drive\TCC\GitHub Versions\Filipe\Novo\UAV-Coordinator\Map\Utils\Parse.cs:linha 9
   em Coordinator.CommunicationLinks.UAVEstate(String t, String i, String p, String name) na C:\Users\Victor Luiz Ferreira\Google Drive\TCC\GitHub Versions\Filipe\Novo\UAV-Coordinator\Coordinator\CommunicationLinks.cs:linha 436 : Invalid coordinates: None, None, None, None, None, 0 
11/02/2019 16:18:31 - System.FormatException: A cadeia de caracteres de entrada não estava em um formato correto.
   em System.Number.ParseDouble(String value, NumberStyles options, NumberFormatInfo numfmt)
   em System.Double.Parse(String s, IFormatProvider provider)
   em CoordinatorMap.Utils.ParseDouble(String str) na C:\Users\Victor Luiz Ferreira\Google Drive\TCC\GitHub Versions\Filipe\Novo\UAV-Coordinator\Map\Utils\Parse.cs:linha 9
   em Coordinator.CommunicationLinks.UAVEstate(String t, String i, String p, String name) na C:\Users\Victor Luiz Ferreira\Google Drive\TCC\GitHub Versions\Filipe\Novo\UAV-Coordinator\Coordinator\CommunicationLinks.cs:linha 436 : Invalid coordinates: None, None, None, None, None, 0 
11/02/2019 16:18:33 - System.FormatException: A cadeia de caracteres de entrada não estava em um formato correto.
   em System.Number.ParseDouble(String value, NumberStyles options, NumberFormatInfo numfmt)
   em System.Double.Parse(String s, IFormatProvider provider)
   em CoordinatorMap.Utils.ParseDouble(String str) na C:\Users\Victor Luiz Ferreira\Google Drive\TCC\GitHub Versions\Filipe\Novo\UAV-Coordinator\Map\Utils\Parse.cs:linha 9
   em Coordinator.CommunicationLinks.UAVEstate(String t, String i, String p, String name) na C:\Users\Victor Luiz Ferreira\Google Drive\TCC\GitHub Versions\Filipe\Novo\UAV-Coordinator\Coordinator\CommunicationLinks.cs:linha 436 : Invalid coordinates: None, None, None, 0.109163172543, 349, 0 
11/02/2019 16:18:42 - System.FormatException: A cadeia de caracteres de entrada não estava em um formato correto.
   em System.Number.ParseDouble(String value, NumberStyles options, NumberFormatInfo numfmt)
   em System.Double.Parse(String s, IFormatProvider provider)
   em CoordinatorMap.Utils.ParseDouble(String str) na C:\Users\Victor Luiz Ferreira\Google Drive\TCC\GitHub Versions\Filipe\Novo\UAV-Coordinator\Map\Utils\Parse.cs:linha 9
   em Coordinator.CommunicationLinks.UAVEstate(String t, String i, String p, String name) na C:\Users\Victor Luiz Ferreira\Google Drive\TCC\GitHub Versions\Filipe\Novo\UAV-Coordinator\Coordinator\CommunicationLinks.cs:linha 436 : Invalid coordinates: None, None, None, None, None, 0 
11/02/2019 16:18:47 - System.FormatException: A cadeia de caracteres de entrada não estava em um formato correto.
   em System.Number.ParseDouble(String value, NumberStyles options, NumberFormatInfo numfmt)
   em System.Double.Parse(String s, IFormatProvider provider)
   em CoordinatorMap.Utils.ParseDouble(String str) na C:\Users\Victor Luiz Ferreira\Google Drive\TCC\GitHub Versions\Filipe\Novo\UAV-Coordinator\Map\Utils\Parse.cs:linha 9
   em Coordinator.CommunicationLinks.UAVEstate(String t, String i, String p, String name) na C:\Users\Victor Luiz Ferreira\Google Drive\TCC\GitHub Versions\Filipe\Novo\UAV-Coordinator\Coordinator\CommunicationLinks.cs:linha 436 : Invalid coordinates: None, None, None, None, None, 0 
11/02/2019 16:18:48 - System.FormatException: A cadeia de caracteres de entrada não estava em um formato correto.
   em System.Number.ParseDouble(String value, NumberStyles options, NumberFormatInfo numfmt)
   em System.Double.Parse(String s, IFormatProvider provider)
   em CoordinatorMap.Utils.ParseDouble(String str) na C:\Users\Victor Luiz Ferreira\Google Drive\TCC\GitHub Versions\Filipe\Novo\UAV-Coordinator\Map\Utils\Parse.cs:linha 9
   em Coordinator.CommunicationLinks.UAVEstate(String t, String i, String p, String name) na C:\Users\Victor Luiz Ferreira\Google Drive\TCC\GitHub Versions\Filipe\Novo\UAV-Coordinator\Coordinator\CommunicationLinks.cs:linha 436 : Invalid coordinates: None, None, None, None, None, 0 
11/02/2019 16:18:50 - System.FormatException: A cadeia de caracteres de entrada não estava em um formato correto.
   em System.Number.ParseDouble(String value, NumberStyles options, NumberFormatInfo numfmt)
   em System.Double.Parse(String s, IFormatProvider provider)
   em CoordinatorMap.Utils.ParseDouble(String str) na C:\Users\Victor Luiz Ferreira\Google Drive\TCC\GitHub Versions\Filipe\Novo\UAV-Coordinator\Map\Utils\Parse.cs:linha 9
   em Coordinator.CommunicationLinks.UAVEstate(String t, String i, String p, String name) na C:\Users\Victor Luiz Ferreira\Google Drive\TCC\GitHub Versions\Filipe\Novo\UAV-Coordinator\Coordinator\CommunicationLinks.cs:linha 436 : Invalid coordinates: None, None, None, None, None, 0 
11/02/2019 16:18:51 - System.FormatException: A cadeia de caracteres de entrada não estava em um formato correto.
   em System.Number.ParseDouble(String value, NumberStyles options, NumberFormatInfo numfmt)
   em System.Double.Parse(String s, IFormatProvider provider)
   em CoordinatorMap.Utils.ParseDouble(String str) na C:\Users\Victor Luiz Ferreira\Google Drive\TCC\GitHub Versions\Filipe\Novo\UAV-Coordinator\Map\Utils\Parse.cs:linha 9
   em Coordinator.CommunicationLinks.UAVEstate(String t, String i, String p, String name) na C:\Users\Victor Luiz Ferreira\Google Drive\TCC\GitHub Versions\Filipe\Novo\UAV-Coordinator\Coordinator\CommunicationLinks.cs:linha 436 : Invalid coordinates: None, None, None, None, None, 0 
11/02/2019 16:30:30 - System.FormatException: A cadeia de caracteres de entrada não estava em um formato correto.
   em System.Number.ParseDouble(String value, NumberStyles options, NumberFormatInfo numfmt)
   em System.Double.Parse(String s, IFormatProvider provider)
   em CoordinatorMap.Utils.ParseDouble(String str) na C:\Users\Victor Luiz Ferreira\Google Drive\TCC\GitHub Versions\Filipe\Novo\UAV-Coordinator\Map\Utils\Parse.cs:linha 9
   em Coordinator.CommunicationLinks.UAVEstate(String t, String i, String p, String name) na C:\Users\Victor Luiz Ferreira\Google Drive\TCC\GitHub Versions\Filipe\Novo\UAV-Coordinator\Coordinator\CommunicationLinks.cs:linha 450 : Invalid coordinates: None, None, None, None, None, 0 
11/02/2019 16:31:05 - System.FormatException: A cadeia de caracteres de entrada não estava em um formato correto.
   em System.Number.ParseDouble(String value, NumberStyles options, NumberFormatInfo numfmt)
   em System.Double.Parse(String s, IFormatProvider provider)
   em CoordinatorMap.Utils.ParseDouble(String str) na C:\Users\Victor Luiz Ferreira\Google Drive\TCC\GitHub Versions\Filipe\Novo\UAV-Coordinator\Map\Utils\Parse.cs:linha 9
   em Coordinator.CommunicationLinks.UAVEstate(String t, String i, String p, String name) na C:\Users\Victor Luiz Ferreira\Google Drive\TCC\GitHub Versions\Filipe\Novo\UAV-Coordinator\Coordinator\CommunicationLinks.cs:linha 450 : Invalid coordinates: None, None, None, None, None, 0 
11/02/2019 16:38:39 - System.FormatException: A cadeia de caracteres de entrada não estava em um formato correto.
   em System.Number.ParseDouble(String value, NumberStyles options, NumberFormatInfo numfmt)
   em System.Double.Parse(String s, IFormatProvider provider)
   em CoordinatorMap.Utils.ParseDouble(String str) na C:\Users\Victor Luiz Ferreira\Google Drive\TCC\GitHub Versions\Filipe\Novo\UAV-Coordinator\Map\Utils\Parse.cs:linha 9
   em Coordinator.CommunicationLinks.UAVEstate(String t, String i, String p, String name) na C:\Users\Victor Luiz Ferreira\Google Drive\TCC\GitHub Versions\Filipe\Novo\UAV-Coordinator\Coordinator\CommunicationLinks.cs:linha 450 : Invalid coordinates: None, None, None, None, None, 0 
11/02/2019 16:39:22 - System.FormatException: A cadeia de caracteres de entrada não estava em um formato correto.
   em System.Number.ParseDouble(String value, NumberStyles options, NumberFormatInfo numfmt)
   em System.Double.Parse(String s, IFormatProvider provider)
   em CoordinatorMap.Utils.ParseDouble(String str) na C:\Users\Victor Luiz Ferreira\Google Drive\TCC\GitHub Versions\Filipe\Novo\UAV-Coordinator\Map\Utils\Parse.cs:linha 9
   em Coordinator.CommunicationLinks.UAVEstate(String t, String i, String p, String name) na C:\Users\Victor Luiz Ferreira\Google Drive\TCC\GitHub Versions\Filipe\Novo\UAV-Coordinator\Coordinator\CommunicationLinks.cs:linha 450 : Invalid coordinates: None, None, None, 0.361267060041, 352, 0 
25/02/2019 14:30:20 - System.FormatException: A cadeia de caracteres de entrada não estava em um formato correto.
   em System.Number.ParseDouble(String value, NumberStyles options, NumberFormatInfo numfmt)
   em System.Double.Parse(String s, IFormatProvider provider)
   em CoordinatorMap.Utils.ParseDouble(String str) na C:\Users\Victor Luiz Ferreira\Google Drive\TCC\UAV-Coordinator\Map\Utils\Parse.cs:linha 9
   em Coordinator.CommunicationLinks.UAVEstate(String t, String i, String p, String name) na C:\Users\Victor Luiz Ferreira\Google Drive\TCC\UAV-Coordinator\Coordinator\CommunicationLinks.cs:linha 450 : Invalid coordinates: None, None, None, None, None, 0 
25/02/2019 14:30:40 - System.FormatException: A cadeia de caracteres de entrada não estava em um formato correto.
   em System.Number.ParseDouble(String value, NumberStyles options, NumberFormatInfo numfmt)
   em System.Double.Parse(String s, IFormatProvider provider)
   em CoordinatorMap.Utils.ParseDouble(String str) na C:\Users\Victor Luiz Ferreira\Google Drive\TCC\UAV-Coordinator\Map\Utils\Parse.cs:linha 9
   em Coordinator.CommunicationLinks.UAVEstate(String t, String i, String p, String name) na C:\Users\Victor Luiz Ferreira\Google Drive\TCC\UAV-Coordinator\Coordinator\CommunicationLinks.cs:linha 450 : Invalid coordinates: None, None, None, None, None, 0 
25/02/2019 14:30:53 - System.FormatException: A cadeia de caracteres de entrada não estava em um formato correto.
   em System.Number.ParseDouble(String value, NumberStyles options, NumberFormatInfo numfmt)
   em System.Double.Parse(String s, IFormatProvider provider)
   em CoordinatorMap.Utils.ParseDouble(String str) na C:\Users\Victor Luiz Ferreira\Google Drive\TCC\UAV-Coordinator\Map\Utils\Parse.cs:linha 9
   em Coordinator.CommunicationLinks.UAVEstate(String t, String i, String p, String name) na C:\Users\Victor Luiz Ferreira\Google Drive\TCC\UAV-Coordinator\Coordinator\CommunicationLinks.cs:linha 450 : Invalid coordinates: None, None, None, None, None, 0 
25/02/2019 14:30:53 - System.FormatException: A cadeia de caracteres de entrada não estava em um formato correto.
   em System.Number.ParseDouble(String value, NumberStyles options, NumberFormatInfo numfmt)
   em System.Double.Parse(String s, IFormatProvider provider)
   em CoordinatorMap.Utils.ParseDouble(String str) na C:\Users\Victor Luiz Ferreira\Google Drive\TCC\UAV-Coordinator\Map\Utils\Parse.cs:linha 9
   em Coordinator.CommunicationLinks.UAVEstate(String t, String i, String p, String name) na C:\Users\Victor Luiz Ferreira\Google Drive\TCC\UAV-Coordinator\Coordinator\CommunicationLinks.cs:linha 450 : Invalid coordinates: None, None, None, None, None, 0 
25/02/2019 14:31:03 - System.FormatException: A cadeia de caracteres de entrada não estava em um formato correto.
   em System.Number.ParseDouble(String value, NumberStyles options, NumberFormatInfo numfmt)
   em System.Double.Parse(String s, IFormatProvider provider)
   em CoordinatorMap.Utils.ParseDouble(String str) na C:\Users\Victor Luiz Ferreira\Google Drive\TCC\UAV-Coordinator\Map\Utils\Parse.cs:linha 9
   em Coordinator.CommunicationLinks.UAVEstate(String t, String i, String p, String name) na C:\Users\Victor Luiz Ferreira\Google Drive\TCC\UAV-Coordinator\Coordinator\CommunicationLinks.cs:linha 450 : Invalid coordinates: None, None, None, None, None, 0 
25/02/2019 14:31:05 - System.FormatException: A cadeia de caracteres de entrada não estava em um formato correto.
   em System.Number.ParseDouble(String value, NumberStyles options, NumberFormatInfo numfmt)
   em System.Double.Parse(String s, IFormatProvider provider)
   em CoordinatorMap.Utils.ParseDouble(String str) na C:\Users\Victor Luiz Ferreira\Google Drive\TCC\UAV-Coordinator\Map\Utils\Parse.cs:linha 9
   em Coordinator.CommunicationLinks.UAVEstate(String t, String i, String p, String name) na C:\Users\Victor Luiz Ferreira\Google Drive\TCC\UAV-Coordinator\Coordinator\CommunicationLinks.cs:linha 450 : Invalid coordinates: None, None, None, None, None, 0 
25/02/2019 14:31:08 - System.FormatException: A cadeia de caracteres de entrada não estava em um formato correto.
   em System.Number.ParseDouble(String value, NumberStyles options, NumberFormatInfo numfmt)
   em System.Double.Parse(String s, IFormatProvider provider)
   em CoordinatorMap.Utils.ParseDouble(String str) na C:\Users\Victor Luiz Ferreira\Google Drive\TCC\UAV-Coordinator\Map\Utils\Parse.cs:linha 9
   em Coordinator.CommunicationLinks.UAVEstate(String t, String i, String p, String name) na C:\Users\Victor Luiz Ferreira\Google Drive\TCC\UAV-Coordinator\Coordinator\CommunicationLinks.cs:linha 450 : Invalid coordinates: None, None, None, 0.00319069181569, 353, 0 
25/02/2019 14:31:14 - System.FormatException: A cadeia de caracteres de entrada não estava em um formato correto.
   em System.Number.ParseDouble(String value, NumberStyles options, NumberFormatInfo numfmt)
   em System.Double.Parse(String s, IFormatProvider provider)
   em CoordinatorMap.Utils.ParseDouble(String str) na C:\Users\Victor Luiz Ferreira\Google Drive\TCC\UAV-Coordinator\Map\Utils\Parse.cs:linha 9
   em Coordinator.CommunicationLinks.UAVEstate(String t, String i, String p, String name) na C:\Users\Victor Luiz Ferreira\Google Drive\TCC\UAV-Coordinator\Coordinator\CommunicationLinks.cs:linha 450 : Invalid coordinates: None, None, None, None, None, 0 
25/02/2019 14:31:15 - System.FormatException: A cadeia de caracteres de entrada não estava em um formato correto.
   em System.Number.ParseDouble(String value, NumberStyles options, NumberFormatInfo numfmt)
   em System.Double.Parse(String s, IFormatProvider provider)
   em CoordinatorMap.Utils.ParseDouble(String str) na C:\Users\Victor Luiz Ferreira\Google Drive\TCC\UAV-Coordinator\Map\Utils\Parse.cs:linha 9
   em Coordinator.CommunicationLinks.UAVEstate(String t, String i, String p, String name) na C:\Users\Victor Luiz Ferreira\Google Drive\TCC\UAV-Coordinator\Coordinator\CommunicationLinks.cs:linha 450 : Invalid coordinates: None, None, None, None, None, 0 
25/02/2019 14:31:22 - System.FormatException: A cadeia de caracteres de entrada não estava em um formato correto.
   em System.Number.ParseDouble(String value, NumberStyles options, NumberFormatInfo numfmt)
   em System.Double.Parse(String s, IFormatProvider provider)
   em CoordinatorMap.Utils.ParseDouble(String str) na C:\Users\Victor Luiz Ferreira\Google Drive\TCC\UAV-Coordinator\Map\Utils\Parse.cs:linha 9
   em Coordinator.CommunicationLinks.UAVEstate(String t, String i, String p, String name) na C:\Users\Victor Luiz Ferreira\Google Drive\TCC\UAV-Coordinator\Coordinator\CommunicationLinks.cs:linha 450 : Invalid coordinates: None, None, None, None, None, 0 
25/02/2019 14:31:23 - System.FormatException: A cadeia de caracteres de entrada não estava em um formato correto.
   em System.Number.ParseDouble(String value, NumberStyles options, NumberFormatInfo numfmt)
   em System.Double.Parse(String s, IFormatProvider provider)
   em CoordinatorMap.Utils.ParseDouble(String str) na C:\Users\Victor Luiz Ferreira\Google Drive\TCC\UAV-Coordinator\Map\Utils\Parse.cs:linha 9
   em Coordinator.CommunicationLinks.UAVEstate(String t, String i, String p, String name) na C:\Users\Victor Luiz Ferreira\Google Drive\TCC\UAV-Coordinator\Coordinator\CommunicationLinks.cs:linha 450 : Invalid coordinates: None, None, None, None, None, 0 
25/02/2019 14:31:25 - System.FormatException: A cadeia de caracteres de entrada não estava em um formato correto.
   em System.Number.ParseDouble(String value, NumberStyles options, NumberFormatInfo numfmt)
   em System.Double.Parse(String s, IFormatProvider provider)
   em CoordinatorMap.Utils.ParseDouble(String str) na C:\Users\Victor Luiz Ferreira\Google Drive\TCC\UAV-Coordinator\Map\Utils\Parse.cs:linha 9
   em Coordinator.CommunicationLinks.UAVEstate(String t, String i, String p, String name) na C:\Users\Victor Luiz Ferreira\Google Drive\TCC\UAV-Coordinator\Coordinator\CommunicationLinks.cs:linha 450 : Invalid coordinates: None, None, None, None, None, 0 
25/02/2019 14:31:26 - System.FormatException: A cadeia de caracteres de entrada não estava em um formato correto.
   em System.Number.ParseDouble(String value, NumberStyles options, NumberFormatInfo numfmt)
   em System.Double.Parse(String s, IFormatProvider provider)
   em CoordinatorMap.Utils.ParseDouble(String str) na C:\Users\Victor Luiz Ferreira\Google Drive\TCC\UAV-Coordinator\Map\Utils\Parse.cs:linha 9
   em Coordinator.CommunicationLinks.UAVEstate(String t, String i, String p, String name) na C:\Users\Victor Luiz Ferreira\Google Drive\TCC\UAV-Coordinator\Coordinator\CommunicationLinks.cs:linha 450 : Invalid coordinates: None, None, None, None, None, 0 
25/02/2019 14:31:27 - System.FormatException: A cadeia de caracteres de entrada não estava em um formato correto.
   em System.Number.ParseDouble(String value, NumberStyles options, NumberFormatInfo numfmt)
   em System.Double.Parse(String s, IFormatProvider provider)
   em CoordinatorMap.Utils.ParseDouble(String str) na C:\Users\Victor Luiz Ferreira\Google Drive\TCC\UAV-Coordinator\Map\Utils\Parse.cs:linha 9
   em Coordinator.CommunicationLinks.UAVEstate(String t, String i, String p, String name) na C:\Users\Victor Luiz Ferreira\Google Drive\TCC\UAV-Coordinator\Coordinator\CommunicationLinks.cs:linha 450 : Invalid coordinates: None, None, None, None, None, 0 
25/02/2019 14:31:28 - System.FormatException: A cadeia de caracteres de entrada não estava em um formato correto.
   em System.Number.ParseDouble(String value, NumberStyles options, NumberFormatInfo numfmt)
   em System.Double.Parse(String s, IFormatProvider provider)
   em CoordinatorMap.Utils.ParseDouble(String str) na C:\Users\Victor Luiz Ferreira\Google Drive\TCC\UAV-Coordinator\Map\Utils\Parse.cs:linha 9
   em Coordinator.CommunicationLinks.UAVEstate(String t, String i, String p, String name) na C:\Users\Victor Luiz Ferreira\Google Drive\TCC\UAV-Coordinator\Coordinator\CommunicationLinks.cs:linha 450 : Invalid coordinates: None, None, None, None, None, 0 
25/02/2019 14:31:31 - System.FormatException: A cadeia de caracteres de entrada não estava em um formato correto.
   em System.Number.ParseDouble(String value, NumberStyles options, NumberFormatInfo numfmt)
   em System.Double.Parse(String s, IFormatProvider provider)
   em CoordinatorMap.Utils.ParseDouble(String str) na C:\Users\Victor Luiz Ferreira\Google Drive\TCC\UAV-Coordinator\Map\Utils\Parse.cs:linha 9
   em Coordinator.CommunicationLinks.UAVEstate(String t, String i, String p, String name) na C:\Users\Victor Luiz Ferreira\Google Drive\TCC\UAV-Coordinator\Coordinator\CommunicationLinks.cs:linha 450 : Invalid coordinates: None, None, None, None, None, 0 
25/02/2019 14:31:43 - System.FormatException: A cadeia de caracteres de entrada não estava em um formato correto.
   em System.Number.ParseDouble(String value, NumberStyles options, NumberFormatInfo numfmt)
   em System.Double.Parse(String s, IFormatProvider provider)
   em CoordinatorMap.Utils.ParseDouble(String str) na C:\Users\Victor Luiz Ferreira\Google Drive\TCC\UAV-Coordinator\Map\Utils\Parse.cs:linha 9
   em Coordinator.CommunicationLinks.UAVEstate(String t, String i, String p, String name) na C:\Users\Victor Luiz Ferreira\Google Drive\TCC\UAV-Coordinator\Coordinator\CommunicationLinks.cs:linha 450 : Invalid coordinates: None, None, None, None, None, 0 
25/02/2019 14:31:50 - System.FormatException: A cadeia de caracteres de entrada não estava em um formato correto.
   em System.Number.ParseDouble(String value, NumberStyles options, NumberFormatInfo numfmt)
   em System.Double.Parse(String s, IFormatProvider provider)
   em CoordinatorMap.Utils.ParseDouble(String str) na C:\Users\Victor Luiz Ferreira\Google Drive\TCC\UAV-Coordinator\Map\Utils\Parse.cs:linha 9
   em Coordinator.CommunicationLinks.UAVEstate(String t, String i, String p, String name) na C:\Users\Victor Luiz Ferreira\Google Drive\TCC\UAV-Coordinator\Coordinator\CommunicationLinks.cs:linha 450 : Invalid coordinates: None, None, None, None, None, 0 
25/02/2019 14:32:02 - System.FormatException: A cadeia de caracteres de entrada não estava em um formato correto.
   em System.Number.ParseDouble(String value, NumberStyles options, NumberFormatInfo numfmt)
   em System.Double.Parse(String s, IFormatProvider provider)
   em CoordinatorMap.Utils.ParseDouble(String str) na C:\Users\Victor Luiz Ferreira\Google Drive\TCC\UAV-Coordinator\Map\Utils\Parse.cs:linha 9
   em Coordinator.CommunicationLinks.UAVEstate(String t, String i, String p, String name) na C:\Users\Victor Luiz Ferreira\Google Drive\TCC\UAV-Coordinator\Coordinator\CommunicationLinks.cs:linha 450 : Invalid coordinates: None, None, None, None, None, 0 
25/02/2019 14:32:03 - System.FormatException: A cadeia de caracteres de entrada não estava em um formato correto.
   em System.Number.ParseDouble(String value, NumberStyles options, NumberFormatInfo numfmt)
   em System.Double.Parse(String s, IFormatProvider provider)
   em CoordinatorMap.Utils.ParseDouble(String str) na C:\Users\Victor Luiz Ferreira\Google Drive\TCC\UAV-Coordinator\Map\Utils\Parse.cs:linha 9
   em Coordinator.CommunicationLinks.UAVEstate(String t, String i, String p, String name) na C:\Users\Victor Luiz Ferreira\Google Drive\TCC\UAV-Coordinator\Coordinator\CommunicationLinks.cs:linha 450 : Invalid coordinates: None, None, None, None, None, 0 
25/02/2019 14:32:06 - System.FormatException: A cadeia de caracteres de entrada não estava em um formato correto.
   em System.Number.ParseDouble(String value, NumberStyles options, NumberFormatInfo numfmt)
   em System.Double.Parse(String s, IFormatProvider provider)
   em CoordinatorMap.Utils.ParseDouble(String str) na C:\Users\Victor Luiz Ferreira\Google Drive\TCC\UAV-Coordinator\Map\Utils\Parse.cs:linha 9
   em Coordinator.CommunicationLinks.UAVEstate(String t, String i, String p, String name) na C:\Users\Victor Luiz Ferreira\Google Drive\TCC\UAV-Coordinator\Coordinator\CommunicationLinks.cs:linha 450 : Invalid coordinates: None, None, None, None, None, 0 
25/02/2019 14:32:07 - System.FormatException: A cadeia de caracteres de entrada não estava em um formato correto.
   em System.Number.ParseDouble(String value, NumberStyles options, NumberFormatInfo numfmt)
   em System.Double.Parse(String s, IFormatProvider provider)
   em CoordinatorMap.Utils.ParseDouble(String str) na C:\Users\Victor Luiz Ferreira\Google Drive\TCC\UAV-Coordinator\Map\Utils\Parse.cs:linha 9
   em Coordinator.CommunicationLinks.UAVEstate(String t, String i, String p, String name) na C:\Users\Victor Luiz Ferreira\Google Drive\TCC\UAV-Coordinator\Coordinator\CommunicationLinks.cs:linha 450 : Invalid coordinates: None, None, None, None, None, 0 
25/02/2019 14:32:08 - System.FormatException: A cadeia de caracteres de entrada não estava em um formato correto.
   em System.Number.ParseDouble(String value, NumberStyles options, NumberFormatInfo numfmt)
   em System.Double.Parse(String s, IFormatProvider provider)
   em CoordinatorMap.Utils.ParseDouble(String str) na C:\Users\Victor Luiz Ferreira\Google Drive\TCC\UAV-Coordinator\Map\Utils\Parse.cs:linha 9
   em Coordinator.CommunicationLinks.UAVEstate(String t, String i, String p, String name) na C:\Users\Victor Luiz Ferreira\Google Drive\TCC\UAV-Coordinator\Coordinator\CommunicationLinks.cs:linha 450 : Invalid coordinates: None, None, None, None, None, 0 
25/02/2019 14:32:10 - System.FormatException: A cadeia de caracteres de entrada não estava em um formato correto.
   em System.Number.ParseDouble(String value, NumberStyles options, NumberFormatInfo numfmt)
   em System.Double.Parse(String s, IFormatProvider provider)
   em CoordinatorMap.Utils.ParseDouble(String str) na C:\Users\Victor Luiz Ferreira\Google Drive\TCC\UAV-Coordinator\Map\Utils\Parse.cs:linha 9
   em Coordinator.CommunicationLinks.UAVEstate(String t, String i, String p, String name) na C:\Users\Victor Luiz Ferreira\Google Drive\TCC\UAV-Coordinator\Coordinator\CommunicationLinks.cs:linha 450 : Invalid coordinates: None, None, None, None, None, 0 
25/02/2019 14:32:53 - System.FormatException: A cadeia de caracteres de entrada não estava em um formato correto.
   em System.Number.ParseDouble(String value, NumberStyles options, NumberFormatInfo numfmt)
   em System.Double.Parse(String s, IFormatProvider provider)
   em CoordinatorMap.Utils.ParseDouble(String str) na C:\Users\Victor Luiz Ferreira\Google Drive\TCC\UAV-Coordinator\Map\Utils\Parse.cs:linha 9
   em Coordinator.CommunicationLinks.UAVEstate(String t, String i, String p, String name) na C:\Users\Victor Luiz Ferreira\Google Drive\TCC\UAV-Coordinator\Coordinator\CommunicationLinks.cs:linha 450 : Invalid coordinates: None, None, None, None, None, 0 
25/02/2019 14:32:54 - System.FormatException: A cadeia de caracteres de entrada não estava em um formato correto.
   em System.Number.ParseDouble(String value, NumberStyles options, NumberFormatInfo numfmt)
   em System.Double.Parse(String s, IFormatProvider provider)
   em CoordinatorMap.Utils.ParseDouble(String str) na C:\Users\Victor Luiz Ferreira\Google Drive\TCC\UAV-Coordinator\Map\Utils\Parse.cs:linha 9
   em Coordinator.CommunicationLinks.UAVEstate(String t, String i, String p, String name) na C:\Users\Victor Luiz Ferreira\Google Drive\TCC\UAV-Coordinator\Coordinator\CommunicationLinks.cs:linha 450 : Invalid coordinates: None, None, None, None, None, 0 
25/02/2019 14:32:57 - System.FormatException: A cadeia de caracteres de entrada não estava em um formato correto.
   em System.Number.ParseDouble(String value, NumberStyles options, NumberFormatInfo numfmt)
   em System.Double.Parse(String s, IFormatProvider provider)
   em CoordinatorMap.Utils.ParseDouble(String str) na C:\Users\Victor Luiz Ferreira\Google Drive\TCC\UAV-Coordinator\Map\Utils\Parse.cs:linha 9
   em Coordinator.CommunicationLinks.UAVEstate(String t, String i, String p, String name) na C:\Users\Victor Luiz Ferreira\Google Drive\TCC\UAV-Coordinator\Coordinator\CommunicationLinks.cs:linha 450 : Invalid coordinates: None, None, None, None, None, 0 
25/02/2019 14:33:06 - System.FormatException: A cadeia de caracteres de entrada não estava em um formato correto.
   em System.Number.ParseDouble(String value, NumberStyles options, NumberFormatInfo numfmt)
   em System.Double.Parse(String s, IFormatProvider provider)
   em CoordinatorMap.Utils.ParseDouble(String str) na C:\Users\Victor Luiz Ferreira\Google Drive\TCC\UAV-Coordinator\Map\Utils\Parse.cs:linha 9
   em Coordinator.CommunicationLinks.UAVEstate(String t, String i, String p, String name) na C:\Users\Victor Luiz Ferreira\Google Drive\TCC\UAV-Coordinator\Coordinator\CommunicationLinks.cs:linha 450 : Invalid coordinates: None, None, None, None, None, 0 
25/02/2019 14:33:08 - System.FormatException: A cadeia de caracteres de entrada não estava em um formato correto.
   em System.Number.ParseDouble(String value, NumberStyles options, NumberFormatInfo numfmt)
   em System.Double.Parse(String s, IFormatProvider provider)
   em CoordinatorMap.Utils.ParseDouble(String str) na C:\Users\Victor Luiz Ferreira\Google Drive\TCC\UAV-Coordinator\Map\Utils\Parse.cs:linha 9
   em Coordinator.CommunicationLinks.UAVEstate(String t, String i, String p, String name) na C:\Users\Victor Luiz Ferreira\Google Drive\TCC\UAV-Coordinator\Coordinator\CommunicationLinks.cs:linha 450 : Invalid coordinates: None, None, None, None, None, 0 
25/02/2019 14:33:18 - System.FormatException: A cadeia de caracteres de entrada não estava em um formato correto.
   em System.Number.ParseDouble(String value, NumberStyles options, NumberFormatInfo numfmt)
   em System.Double.Parse(String s, IFormatProvider provider)
   em CoordinatorMap.Utils.ParseDouble(String str) na C:\Users\Victor Luiz Ferreira\Google Drive\TCC\UAV-Coordinator\Map\Utils\Parse.cs:linha 9
   em Coordinator.CommunicationLinks.UAVEstate(String t, String i, String p, String name) na C:\Users\Victor Luiz Ferreira\Google Drive\TCC\UAV-Coordinator\Coordinator\CommunicationLinks.cs:linha 450 : Invalid coordinates: None, None, None, None, None, 0 
25/02/2019 14:33:19 - System.FormatException: A cadeia de caracteres de entrada não estava em um formato correto.
   em System.Number.ParseDouble(String value, NumberStyles options, NumberFormatInfo numfmt)
   em System.Double.Parse(String s, IFormatProvider provider)
   em CoordinatorMap.Utils.ParseDouble(String str) na C:\Users\Victor Luiz Ferreira\Google Drive\TCC\UAV-Coordinator\Map\Utils\Parse.cs:linha 9
   em Coordinator.CommunicationLinks.UAVEstate(String t, String i, String p, String name) na C:\Users\Victor Luiz Ferreira\Google Drive\TCC\UAV-Coordinator\Coordinator\CommunicationLinks.cs:linha 450 : Invalid coordinates: None, None, None, None, None, 0 
25/02/2019 14:33:25 - System.FormatException: A cadeia de caracteres de entrada não estava em um formato correto.
   em System.Number.ParseDouble(String value, NumberStyles options, NumberFormatInfo numfmt)
   em System.Double.Parse(String s, IFormatProvider provider)
   em CoordinatorMap.Utils.ParseDouble(String str) na C:\Users\Victor Luiz Ferreira\Google Drive\TCC\UAV-Coordinator\Map\Utils\Parse.cs:linha 9
   em Coordinator.CommunicationLinks.UAVEstate(String t, String i, String p, String name) na C:\Users\Victor Luiz Ferreira\Google Drive\TCC\UAV-Coordinator\Coordinator\CommunicationLinks.cs:linha 450 : Invalid coordinates: None, None, None, None, None, 0 
25/02/2019 14:33:30 - System.FormatException: A cadeia de caracteres de entrada não estava em um formato correto.
   em System.Number.ParseDouble(String value, NumberStyles options, NumberFormatInfo numfmt)
   em System.Double.Parse(String s, IFormatProvider provider)
   em CoordinatorMap.Utils.ParseDouble(String str) na C:\Users\Victor Luiz Ferreira\Google Drive\TCC\UAV-Coordinator\Map\Utils\Parse.cs:linha 9
   em Coordinator.CommunicationLinks.UAVEstate(String t, String i, String p, String name) na C:\Users\Victor Luiz Ferreira\Google Drive\TCC\UAV-Coordinator\Coordinator\CommunicationLinks.cs:linha 450 : Invalid coordinates: None, None, None, None, None, 0 
25/02/2019 14:33:32 - System.FormatException: A cadeia de caracteres de entrada não estava em um formato correto.
   em System.Number.ParseDouble(String value, NumberStyles options, NumberFormatInfo numfmt)
   em System.Double.Parse(String s, IFormatProvider provider)
   em CoordinatorMap.Utils.ParseDouble(String str) na C:\Users\Victor Luiz Ferreira\Google Drive\TCC\UAV-Coordinator\Map\Utils\Parse.cs:linha 9
   em Coordinator.CommunicationLinks.UAVEstate(String t, String i, String p, String name) na C:\Users\Victor Luiz Ferreira\Google Drive\TCC\UAV-Coordinator\Coordinator\CommunicationLinks.cs:linha 450 : Invalid coordinates: None, None, None, None, None, 0 
25/02/2019 14:33:33 - System.FormatException: A cadeia de caracteres de entrada não estava em um formato correto.
   em System.Number.ParseDouble(String value, NumberStyles options, NumberFormatInfo numfmt)
   em System.Double.Parse(String s, IFormatProvider provider)
   em CoordinatorMap.Utils.ParseDouble(String str) na C:\Users\Victor Luiz Ferreira\Google Drive\TCC\UAV-Coordinator\Map\Utils\Parse.cs:linha 9
   em Coordinator.CommunicationLinks.UAVEstate(String t, String i, String p, String name) na C:\Users\Victor Luiz Ferreira\Google Drive\TCC\UAV-Coordinator\Coordinator\CommunicationLinks.cs:linha 450 : Invalid coordinates: None, None, None, None, None, 0 
25/02/2019 14:33:37 - System.FormatException: A cadeia de caracteres de entrada não estava em um formato correto.
   em System.Number.ParseDouble(String value, NumberStyles options, NumberFormatInfo numfmt)
   em System.Double.Parse(String s, IFormatProvider provider)
   em CoordinatorMap.Utils.ParseDouble(String str) na C:\Users\Victor Luiz Ferreira\Google Drive\TCC\UAV-Coordinator\Map\Utils\Parse.cs:linha 9
   em Coordinator.CommunicationLinks.UAVEstate(String t, String i, String p, String name) na C:\Users\Victor Luiz Ferreira\Google Drive\TCC\UAV-Coordinator\Coordinator\CommunicationLinks.cs:linha 450 : Invalid coordinates: None, None, None, None, None, 0 
25/02/2019 14:33:37 - System.FormatException: A cadeia de caracteres de entrada não estava em um formato correto.
   em System.Number.ParseDouble(String value, NumberStyles options, NumberFormatInfo numfmt)
   em System.Double.Parse(String s, IFormatProvider provider)
   em CoordinatorMap.Utils.ParseDouble(String str) na C:\Users\Victor Luiz Ferreira\Google Drive\TCC\UAV-Coordinator\Map\Utils\Parse.cs:linha 9
   em Coordinator.CommunicationLinks.UAVEstate(String t, String i, String p, String name) na C:\Users\Victor Luiz Ferreira\Google Drive\TCC\UAV-Coordinator\Coordinator\CommunicationLinks.cs:linha 450 : Invalid coordinates: None, None, None, None, None, 0 
25/02/2019 14:33:39 - System.FormatException: A cadeia de caracteres de entrada não estava em um formato correto.
   em System.Number.ParseDouble(String value, NumberStyles options, NumberFormatInfo numfmt)
   em System.Double.Parse(String s, IFormatProvider provider)
   em CoordinatorMap.Utils.ParseDouble(String str) na C:\Users\Victor Luiz Ferreira\Google Drive\TCC\UAV-Coordinator\Map\Utils\Parse.cs:linha 9
   em Coordinator.CommunicationLinks.UAVEstate(String t, String i, String p, String name) na C:\Users\Victor Luiz Ferreira\Google Drive\TCC\UAV-Coordinator\Coordinator\CommunicationLinks.cs:linha 450 : Invalid coordinates: None, None, None, None, None, 0 
25/02/2019 14:33:42 - System.FormatException: A cadeia de caracteres de entrada não estava em um formato correto.
   em System.Number.ParseDouble(String value, NumberStyles options, NumberFormatInfo numfmt)
   em System.Double.Parse(String s, IFormatProvider provider)
   em CoordinatorMap.Utils.ParseDouble(String str) na C:\Users\Victor Luiz Ferreira\Google Drive\TCC\UAV-Coordinator\Map\Utils\Parse.cs:linha 9
   em Coordinator.CommunicationLinks.UAVEstate(String t, String i, String p, String name) na C:\Users\Victor Luiz Ferreira\Google Drive\TCC\UAV-Coordinator\Coordinator\CommunicationLinks.cs:linha 450 : Invalid coordinates: None, None, None, None, None, 0 
25/02/2019 14:33:42 - System.FormatException: A cadeia de caracteres de entrada não estava em um formato correto.
   em System.Number.ParseDouble(String value, NumberStyles options, NumberFormatInfo numfmt)
   em System.Double.Parse(String s, IFormatProvider provider)
   em CoordinatorMap.Utils.ParseDouble(String str) na C:\Users\Victor Luiz Ferreira\Google Drive\TCC\UAV-Coordinator\Map\Utils\Parse.cs:linha 9
   em Coordinator.CommunicationLinks.UAVEstate(String t, String i, String p, String name) na C:\Users\Victor Luiz Ferreira\Google Drive\TCC\UAV-Coordinator\Coordinator\CommunicationLinks.cs:linha 450 : Invalid coordinates: None, None, None, None, None, 0 
25/02/2019 14:33:46 - System.FormatException: A cadeia de caracteres de entrada não estava em um formato correto.
   em System.Number.ParseDouble(String value, NumberStyles options, NumberFormatInfo numfmt)
   em System.Double.Parse(String s, IFormatProvider provider)
   em CoordinatorMap.Utils.ParseDouble(String str) na C:\Users\Victor Luiz Ferreira\Google Drive\TCC\UAV-Coordinator\Map\Utils\Parse.cs:linha 9
   em Coordinator.CommunicationLinks.UAVEstate(String t, String i, String p, String name) na C:\Users\Victor Luiz Ferreira\Google Drive\TCC\UAV-Coordinator\Coordinator\CommunicationLinks.cs:linha 450 : Invalid coordinates: None, None, None, None, None, 0 
25/02/2019 15:13:36 - System.FormatException: A cadeia de caracteres de entrada não estava em um formato correto.
   em System.Number.ParseDouble(String value, NumberStyles options, NumberFormatInfo numfmt)
   em System.Double.Parse(String s, IFormatProvider provider)
   em CoordinatorMap.Utils.ParseDouble(String str) na C:\Users\Victor Luiz Ferreira\Google Drive\TCC\UAV-Coordinator\Map\Utils\Parse.cs:linha 9
   em Coordinator.CommunicationLinks.UAVEstate(String t, String i, String p, String name) na C:\Users\Victor Luiz Ferreira\Google Drive\TCC\UAV-Coordinator\Coordinator\CommunicationLinks.cs:linha 459 : Invalid coordinates: None, None, None, None, None, 0 
25/02/2019 15:13:37 - System.FormatException: A cadeia de caracteres de entrada não estava em um formato correto.
   em System.Number.ParseDouble(String value, NumberStyles options, NumberFormatInfo numfmt)
   em System.Double.Parse(String s, IFormatProvider provider)
   em CoordinatorMap.Utils.ParseDouble(String str) na C:\Users\Victor Luiz Ferreira\Google Drive\TCC\UAV-Coordinator\Map\Utils\Parse.cs:linha 9
   em Coordinator.CommunicationLinks.UAVEstate(String t, String i, String p, String name) na C:\Users\Victor Luiz Ferreira\Google Drive\TCC\UAV-Coordinator\Coordinator\CommunicationLinks.cs:linha 459 : Invalid coordinates: None, None, None, None, None, 0 
25/02/2019 15:13:47 - System.FormatException: A cadeia de caracteres de entrada não estava em um formato correto.
   em System.Number.ParseDouble(String value, NumberStyles options, NumberFormatInfo numfmt)
   em System.Double.Parse(String s, IFormatProvider provider)
   em CoordinatorMap.Utils.ParseDouble(String str) na C:\Users\Victor Luiz Ferreira\Google Drive\TCC\UAV-Coordinator\Map\Utils\Parse.cs:linha 9
   em Coordinator.CommunicationLinks.UAVEstate(String t, String i, String p, String name) na C:\Users\Victor Luiz Ferreira\Google Drive\TCC\UAV-Coordinator\Coordinator\CommunicationLinks.cs:linha 459 : Invalid coordinates: None, None, None, None, None, 0 
25/02/2019 15:13:51 - System.FormatException: A cadeia de caracteres de entrada não estava em um formato correto.
   em System.Number.ParseDouble(String value, NumberStyles options, NumberFormatInfo numfmt)
   em System.Double.Parse(String s, IFormatProvider provider)
   em CoordinatorMap.Utils.ParseDouble(String str) na C:\Users\Victor Luiz Ferreira\Google Drive\TCC\UAV-Coordinator\Map\Utils\Parse.cs:linha 9
   em Coordinator.CommunicationLinks.UAVEstate(String t, String i, String p, String name) na C:\Users\Victor Luiz Ferreira\Google Drive\TCC\UAV-Coordinator\Coordinator\CommunicationLinks.cs:linha 459 : Invalid coordinates: None, None, None, None, None, 0 
25/02/2019 15:13:52 - System.FormatException: A cadeia de caracteres de entrada não estava em um formato correto.
   em System.Number.ParseDouble(String value, NumberStyles options, NumberFormatInfo numfmt)
   em System.Double.Parse(String s, IFormatProvider provider)
   em CoordinatorMap.Utils.ParseDouble(String str) na C:\Users\Victor Luiz Ferreira\Google Drive\TCC\UAV-Coordinator\Map\Utils\Parse.cs:linha 9
   em Coordinator.CommunicationLinks.UAVEstate(String t, String i, String p, String name) na C:\Users\Victor Luiz Ferreira\Google Drive\TCC\UAV-Coordinator\Coordinator\CommunicationLinks.cs:linha 459 : Invalid coordinates: None, None, None, None, None, 0 
25/02/2019 15:14:13 - System.FormatException: A cadeia de caracteres de entrada não estava em um formato correto.
   em System.Number.ParseDouble(String value, NumberStyles options, NumberFormatInfo numfmt)
   em System.Double.Parse(String s, IFormatProvider provider)
   em CoordinatorMap.Utils.ParseDouble(String str) na C:\Users\Victor Luiz Ferreira\Google Drive\TCC\UAV-Coordinator\Map\Utils\Parse.cs:linha 9
   em Coordinator.CommunicationLinks.UAVEstate(String t, String i, String p, String name) na C:\Users\Victor Luiz Ferreira\Google Drive\TCC\UAV-Coordinator\Coordinator\CommunicationLinks.cs:linha 459 : Invalid coordinates: None, None, None, None, None, 0 
25/02/2019 15:14:14 - System.FormatException: A cadeia de caracteres de entrada não estava em um formato correto.
   em System.Number.ParseDouble(String value, NumberStyles options, NumberFormatInfo numfmt)
   em System.Double.Parse(String s, IFormatProvider provider)
   em CoordinatorMap.Utils.ParseDouble(String str) na C:\Users\Victor Luiz Ferreira\Google Drive\TCC\UAV-Coordinator\Map\Utils\Parse.cs:linha 9
   em Coordinator.CommunicationLinks.UAVEstate(String t, String i, String p, String name) na C:\Users\Victor Luiz Ferreira\Google Drive\TCC\UAV-Coordinator\Coordinator\CommunicationLinks.cs:linha 459 : Invalid coordinates: None, None, None, None, None, 0 
25/02/2019 15:14:15 - System.FormatException: A cadeia de caracteres de entrada não estava em um formato correto.
   em System.Number.ParseDouble(String value, NumberStyles options, NumberFormatInfo numfmt)
   em System.Double.Parse(String s, IFormatProvider provider)
   em CoordinatorMap.Utils.ParseDouble(String str) na C:\Users\Victor Luiz Ferreira\Google Drive\TCC\UAV-Coordinator\Map\Utils\Parse.cs:linha 9
   em Coordinator.CommunicationLinks.UAVEstate(String t, String i, String p, String name) na C:\Users\Victor Luiz Ferreira\Google Drive\TCC\UAV-Coordinator\Coordinator\CommunicationLinks.cs:linha 459 : Invalid coordinates: None, None, None, None, None, 0 
25/02/2019 15:15:04 - System.FormatException: A cadeia de caracteres de entrada não estava em um formato correto.
   em System.Number.ParseDouble(String value, NumberStyles options, NumberFormatInfo numfmt)
   em System.Double.Parse(String s, IFormatProvider provider)
   em CoordinatorMap.Utils.ParseDouble(String str) na C:\Users\Victor Luiz Ferreira\Google Drive\TCC\UAV-Coordinator\Map\Utils\Parse.cs:linha 9
   em Coordinator.CommunicationLinks.UAVEstate(String t, String i, String p, String name) na C:\Users\Victor Luiz Ferreira\Google Drive\TCC\UAV-Coordinator\Coordinator\CommunicationLinks.cs:linha 459 : Invalid coordinates: None, None, None, None, None, 0 
25/02/2019 15:15:16 - System.FormatException: A cadeia de caracteres de entrada não estava em um formato correto.
   em System.Number.ParseDouble(String value, NumberStyles options, NumberFormatInfo numfmt)
   em System.Double.Parse(String s, IFormatProvider provider)
   em CoordinatorMap.Utils.ParseDouble(String str) na C:\Users\Victor Luiz Ferreira\Google Drive\TCC\UAV-Coordinator\Map\Utils\Parse.cs:linha 9
   em Coordinator.CommunicationLinks.UAVEstate(String t, String i, String p, String name) na C:\Users\Victor Luiz Ferreira\Google Drive\TCC\UAV-Coordinator\Coordinator\CommunicationLinks.cs:linha 459 : Invalid coordinates: None, None, None, None, None, 0 
25/02/2019 15:15:22 - System.FormatException: A cadeia de caracteres de entrada não estava em um formato correto.
   em System.Number.ParseDouble(String value, NumberStyles options, NumberFormatInfo numfmt)
   em System.Double.Parse(String s, IFormatProvider provider)
   em CoordinatorMap.Utils.ParseDouble(String str) na C:\Users\Victor Luiz Ferreira\Google Drive\TCC\UAV-Coordinator\Map\Utils\Parse.cs:linha 9
   em Coordinator.CommunicationLinks.UAVEstate(String t, String i, String p, String name) na C:\Users\Victor Luiz Ferreira\Google Drive\TCC\UAV-Coordinator\Coordinator\CommunicationLinks.cs:linha 459 : Invalid coordinates: None, None, None, None, None, 0 
25/02/2019 15:15:30 - System.FormatException: A cadeia de caracteres de entrada não estava em um formato correto.
   em System.Number.ParseDouble(String value, NumberStyles options, NumberFormatInfo numfmt)
   em System.Double.Parse(String s, IFormatProvider provider)
   em CoordinatorMap.Utils.ParseDouble(String str) na C:\Users\Victor Luiz Ferreira\Google Drive\TCC\UAV-Coordinator\Map\Utils\Parse.cs:linha 9
   em Coordinator.CommunicationLinks.UAVEstate(String t, String i, String p, String name) na C:\Users\Victor Luiz Ferreira\Google Drive\TCC\UAV-Coordinator\Coordinator\CommunicationLinks.cs:linha 459 : Invalid coordinates: None, None, None, None, None, 0 
25/02/2019 15:15:38 - System.FormatException: A cadeia de caracteres de entrada não estava em um formato correto.
   em System.Number.ParseDouble(String value, NumberStyles options, NumberFormatInfo numfmt)
   em System.Double.Parse(String s, IFormatProvider provider)
   em CoordinatorMap.Utils.ParseDouble(String str) na C:\Users\Victor Luiz Ferreira\Google Drive\TCC\UAV-Coordinator\Map\Utils\Parse.cs:linha 9
   em Coordinator.CommunicationLinks.UAVEstate(String t, String i, String p, String name) na C:\Users\Victor Luiz Ferreira\Google Drive\TCC\UAV-Coordinator\Coordinator\CommunicationLinks.cs:linha 459 : Invalid coordinates: None, None, None, None, None, 0 
25/02/2019 15:15:40 - System.FormatException: A cadeia de caracteres de entrada não estava em um formato correto.
   em System.Number.ParseDouble(String value, NumberStyles options, NumberFormatInfo numfmt)
   em System.Double.Parse(String s, IFormatProvider provider)
   em CoordinatorMap.Utils.ParseDouble(String str) na C:\Users\Victor Luiz Ferreira\Google Drive\TCC\UAV-Coordinator\Map\Utils\Parse.cs:linha 9
   em Coordinator.CommunicationLinks.UAVEstate(String t, String i, String p, String name) na C:\Users\Victor Luiz Ferreira\Google Drive\TCC\UAV-Coordinator\Coordinator\CommunicationLinks.cs:linha 459 : Invalid coordinates: None, None, None, None, None, 0 
25/02/2019 15:43:30 - System.FormatException: A cadeia de caracteres de entrada não estava em um formato correto.
   em System.Number.ParseDouble(String value, NumberStyles options, NumberFormatInfo numfmt)
   em System.Double.Parse(String s, IFormatProvider provider)
   em CoordinatorMap.Utils.ParseDouble(String str) na C:\Users\Victor Luiz Ferreira\Google Drive\TCC\UAV-Coordinator\Map\Utils\Parse.cs:linha 9
   em Coordinator.CommunicationLinks.UAVEstate(String t, String i, String p, String name) na C:\Users\Victor Luiz Ferreira\Google Drive\TCC\UAV-Coordinator\Coordinator\CommunicationLinks.cs:linha 459 : Invalid coordinates: None, None, None, None, None, 0 
25/02/2019 15:44:45 - System.FormatException: A cadeia de caracteres de entrada não estava em um formato correto.
   em System.Number.ParseDouble(String value, NumberStyles options, NumberFormatInfo numfmt)
   em System.Double.Parse(String s, IFormatProvider provider)
   em CoordinatorMap.Utils.ParseDouble(String str) na C:\Users\Victor Luiz Ferreira\Google Drive\TCC\UAV-Coordinator\Map\Utils\Parse.cs:linha 9
   em Coordinator.CommunicationLinks.UAVEstate(String t, String i, String p, String name) na C:\Users\Victor Luiz Ferreira\Google Drive\TCC\UAV-Coordinator\Coordinator\CommunicationLinks.cs:linha 459 : Invalid coordinates: None, None, None, None, None, 0 
25/02/2019 15:44:46 - System.FormatException: A cadeia de caracteres de entrada não estava em um formato correto.
   em System.Number.ParseDouble(String value, NumberStyles options, NumberFormatInfo numfmt)
   em System.Double.Parse(String s, IFormatProvider provider)
   em CoordinatorMap.Utils.ParseDouble(String str) na C:\Users\Victor Luiz Ferreira\Google Drive\TCC\UAV-Coordinator\Map\Utils\Parse.cs:linha 9
   em Coordinator.CommunicationLinks.UAVEstate(String t, String i, String p, String name) na C:\Users\Victor Luiz Ferreira\Google Drive\TCC\UAV-Coordinator\Coordinator\CommunicationLinks.cs:linha 459 : Invalid coordinates: None, None, None, None, None, 0 
25/02/2019 15:45:03 - System.FormatException: A cadeia de caracteres de entrada não estava em um formato correto.
   em System.Number.ParseDouble(String value, NumberStyles options, NumberFormatInfo numfmt)
   em System.Double.Parse(String s, IFormatProvider provider)
   em CoordinatorMap.Utils.ParseDouble(String str) na C:\Users\Victor Luiz Ferreira\Google Drive\TCC\UAV-Coordinator\Map\Utils\Parse.cs:linha 9
   em Coordinator.CommunicationLinks.UAVEstate(String t, String i, String p, String name) na C:\Users\Victor Luiz Ferreira\Google Drive\TCC\UAV-Coordinator\Coordinator\CommunicationLinks.cs:linha 459 : Invalid coordinates: None, None, None, None, None, 0 
25/02/2019 15:45:04 - System.FormatException: A cadeia de caracteres de entrada não estava em um formato correto.
   em System.Number.ParseDouble(String value, NumberStyles options, NumberFormatInfo numfmt)
   em System.Double.Parse(String s, IFormatProvider provider)
   em CoordinatorMap.Utils.ParseDouble(String str) na C:\Users\Victor Luiz Ferreira\Google Drive\TCC\UAV-Coordinator\Map\Utils\Parse.cs:linha 9
   em Coordinator.CommunicationLinks.UAVEstate(String t, String i, String p, String name) na C:\Users\Victor Luiz Ferreira\Google Drive\TCC\UAV-Coordinator\Coordinator\CommunicationLinks.cs:linha 459 : Invalid coordinates: None, None, None, None, None, 0 
25/02/2019 15:45:06 - System.FormatException: A cadeia de caracteres de entrada não estava em um formato correto.
   em System.Number.ParseDouble(String value, NumberStyles options, NumberFormatInfo numfmt)
   em System.Double.Parse(String s, IFormatProvider provider)
   em CoordinatorMap.Utils.ParseDouble(String str) na C:\Users\Victor Luiz Ferreira\Google Drive\TCC\UAV-Coordinator\Map\Utils\Parse.cs:linha 9
   em Coordinator.CommunicationLinks.UAVEstate(String t, String i, String p, String name) na C:\Users\Victor Luiz Ferreira\Google Drive\TCC\UAV-Coordinator\Coordinator\CommunicationLinks.cs:linha 459 : Invalid coordinates: None, None, None, None, None, 0 
25/02/2019 15:45:07 - System.FormatException: A cadeia de caracteres de entrada não estava em um formato correto.
   em System.Number.ParseDouble(String value, NumberStyles options, NumberFormatInfo numfmt)
   em System.Double.Parse(String s, IFormatProvider provider)
   em CoordinatorMap.Utils.ParseDouble(String str) na C:\Users\Victor Luiz Ferreira\Google Drive\TCC\UAV-Coordinator\Map\Utils\Parse.cs:linha 9
   em Coordinator.CommunicationLinks.UAVEstate(String t, String i, String p, String name) na C:\Users\Victor Luiz Ferreira\Google Drive\TCC\UAV-Coordinator\Coordinator\CommunicationLinks.cs:linha 459 : Invalid coordinates: None, None, None, None, None, 0 
25/02/2019 15:45:07 - System.FormatException: A cadeia de caracteres de entrada não estava em um formato correto.
   em System.Number.ParseDouble(String value, NumberStyles options, NumberFormatInfo numfmt)
   em System.Double.Parse(String s, IFormatProvider provider)
   em CoordinatorMap.Utils.ParseDouble(String str) na C:\Users\Victor Luiz Ferreira\Google Drive\TCC\UAV-Coordinator\Map\Utils\Parse.cs:linha 9
   em Coordinator.CommunicationLinks.UAVEstate(String t, String i, String p, String name) na C:\Users\Victor Luiz Ferreira\Google Drive\TCC\UAV-Coordinator\Coordinator\CommunicationLinks.cs:linha 459 : Invalid coordinates: None, None, None, None, None, 0 
25/02/2019 15:45:08 - System.FormatException: A cadeia de caracteres de entrada não estava em um formato correto.
   em System.Number.ParseDouble(String value, NumberStyles options, NumberFormatInfo numfmt)
   em System.Double.Parse(String s, IFormatProvider provider)
   em CoordinatorMap.Utils.ParseDouble(String str) na C:\Users\Victor Luiz Ferreira\Google Drive\TCC\UAV-Coordinator\Map\Utils\Parse.cs:linha 9
   em Coordinator.CommunicationLinks.UAVEstate(String t, String i, String p, String name) na C:\Users\Victor Luiz Ferreira\Google Drive\TCC\UAV-Coordinator\Coordinator\CommunicationLinks.cs:linha 459 : Invalid coordinates: None, None, None, None, None, 0 
25/02/2019 15:45:09 - System.FormatException: A cadeia de caracteres de entrada não estava em um formato correto.
   em System.Number.ParseDouble(String value, NumberStyles options, NumberFormatInfo numfmt)
   em System.Double.Parse(String s, IFormatProvider provider)
   em CoordinatorMap.Utils.ParseDouble(String str) na C:\Users\Victor Luiz Ferreira\Google Drive\TCC\UAV-Coordinator\Map\Utils\Parse.cs:linha 9
   em Coordinator.CommunicationLinks.UAVEstate(String t, String i, String p, String name) na C:\Users\Victor Luiz Ferreira\Google Drive\TCC\UAV-Coordinator\Coordinator\CommunicationLinks.cs:linha 459 : Invalid coordinates: None, None, None, None, None, 0 
25/02/2019 15:45:12 - System.FormatException: A cadeia de caracteres de entrada não estava em um formato correto.
   em System.Number.ParseDouble(String value, NumberStyles options, NumberFormatInfo numfmt)
   em System.Double.Parse(String s, IFormatProvider provider)
   em CoordinatorMap.Utils.ParseDouble(String str) na C:\Users\Victor Luiz Ferreira\Google Drive\TCC\UAV-Coordinator\Map\Utils\Parse.cs:linha 9
   em Coordinator.CommunicationLinks.UAVEstate(String t, String i, String p, String name) na C:\Users\Victor Luiz Ferreira\Google Drive\TCC\UAV-Coordinator\Coordinator\CommunicationLinks.cs:linha 459 : Invalid coordinates: None, None, None, None, None, 0 
25/02/2019 15:48:01 - System.FormatException: A cadeia de caracteres de entrada não estava em um formato correto.
   em System.Number.ParseDouble(String value, NumberStyles options, NumberFormatInfo numfmt)
   em System.Double.Parse(String s, IFormatProvider provider)
   em CoordinatorMap.Utils.ParseDouble(String str) na C:\Users\Victor Luiz Ferreira\Google Drive\TCC\UAV-Coordinator\Map\Utils\Parse.cs:linha 9
   em Coordinator.CommunicationLinks.UAVEstate(String t, String i, String p, String name) na C:\Users\Victor Luiz Ferreira\Google Drive\TCC\UAV-Coordinator\Coordinator\CommunicationLinks.cs:linha 459 : Invalid coordinates: None, None, None, None, None, 0 
25/02/2019 15:48:04 - System.FormatException: A cadeia de caracteres de entrada não estava em um formato correto.
   em System.Number.ParseDouble(String value, NumberStyles options, NumberFormatInfo numfmt)
   em System.Double.Parse(String s, IFormatProvider provider)
   em CoordinatorMap.Utils.ParseDouble(String str) na C:\Users\Victor Luiz Ferreira\Google Drive\TCC\UAV-Coordinator\Map\Utils\Parse.cs:linha 9
   em Coordinator.CommunicationLinks.UAVEstate(String t, String i, String p, String name) na C:\Users\Victor Luiz Ferreira\Google Drive\TCC\UAV-Coordinator\Coordinator\CommunicationLinks.cs:linha 459 : Invalid coordinates: None, None, None, None, None, 0 
25/02/2019 15:48:05 - System.FormatException: A cadeia de caracteres de entrada não estava em um formato correto.
   em System.Number.ParseDouble(String value, NumberStyles options, NumberFormatInfo numfmt)
   em System.Double.Parse(String s, IFormatProvider provider)
   em CoordinatorMap.Utils.ParseDouble(String str) na C:\Users\Victor Luiz Ferreira\Google Drive\TCC\UAV-Coordinator\Map\Utils\Parse.cs:linha 9
   em Coordinator.CommunicationLinks.UAVEstate(String t, String i, String p, String name) na C:\Users\Victor Luiz Ferreira\Google Drive\TCC\UAV-Coordinator\Coordinator\CommunicationLinks.cs:linha 459 : Invalid coordinates: None, None, None, None, None, 0 
25/02/2019 15:48:18 - System.FormatException: A cadeia de caracteres de entrada não estava em um formato correto.
   em System.Number.ParseDouble(String value, NumberStyles options, NumberFormatInfo numfmt)
   em System.Double.Parse(String s, IFormatProvider provider)
   em CoordinatorMap.Utils.ParseDouble(String str) na C:\Users\Victor Luiz Ferreira\Google Drive\TCC\UAV-Coordinator\Map\Utils\Parse.cs:linha 9
   em Coordinator.CommunicationLinks.UAVEstate(String t, String i, String p, String name) na C:\Users\Victor Luiz Ferreira\Google Drive\TCC\UAV-Coordinator\Coordinator\CommunicationLinks.cs:linha 459 : Invalid coordinates: None, None, None, None, None, 0 
25/02/2019 15:48:24 - System.FormatException: A cadeia de caracteres de entrada não estava em um formato correto.
   em System.Number.ParseDouble(String value, NumberStyles options, NumberFormatInfo numfmt)
   em System.Double.Parse(String s, IFormatProvider provider)
   em CoordinatorMap.Utils.ParseDouble(String str) na C:\Users\Victor Luiz Ferreira\Google Drive\TCC\UAV-Coordinator\Map\Utils\Parse.cs:linha 9
   em Coordinator.CommunicationLinks.UAVEstate(String t, String i, String p, String name) na C:\Users\Victor Luiz Ferreira\Google Drive\TCC\UAV-Coordinator\Coordinator\CommunicationLinks.cs:linha 459 : Invalid coordinates: None, None, None, None, None, 0 
25/02/2019 15:48:27 - System.FormatException: A cadeia de caracteres de entrada não estava em um formato correto.
   em System.Number.ParseDouble(String value, NumberStyles options, NumberFormatInfo numfmt)
   em System.Double.Parse(String s, IFormatProvider provider)
   em CoordinatorMap.Utils.ParseDouble(String str) na C:\Users\Victor Luiz Ferreira\Google Drive\TCC\UAV-Coordinator\Map\Utils\Parse.cs:linha 9
   em Coordinator.CommunicationLinks.UAVEstate(String t, String i, String p, String name) na C:\Users\Victor Luiz Ferreira\Google Drive\TCC\UAV-Coordinator\Coordinator\CommunicationLinks.cs:linha 459 : Invalid coordinates: None, None, None, None, None, 0 
25/02/2019 15:48:55 - System.FormatException: A cadeia de caracteres de entrada não estava em um formato correto.
   em System.Number.ParseDouble(String value, NumberStyles options, NumberFormatInfo numfmt)
   em System.Double.Parse(String s, IFormatProvider provider)
   em CoordinatorMap.Utils.ParseDouble(String str) na C:\Users\Victor Luiz Ferreira\Google Drive\TCC\UAV-Coordinator\Map\Utils\Parse.cs:linha 9
   em Coordinator.CommunicationLinks.UAVEstate(String t, String i, String p, String name) na C:\Users\Victor Luiz Ferreira\Google Drive\TCC\UAV-Coordinator\Coordinator\CommunicationLinks.cs:linha 459 : Invalid coordinates: None, None, None, None, None, 0 
25/02/2019 15:49:19 - System.FormatException: A cadeia de caracteres de entrada não estava em um formato correto.
   em System.Number.ParseDouble(String value, NumberStyles options, NumberFormatInfo numfmt)
   em System.Double.Parse(String s, IFormatProvider provider)
   em CoordinatorMap.Utils.ParseDouble(String str) na C:\Users\Victor Luiz Ferreira\Google Drive\TCC\UAV-Coordinator\Map\Utils\Parse.cs:linha 9
   em Coordinator.CommunicationLinks.UAVEstate(String t, String i, String p, String name) na C:\Users\Victor Luiz Ferreira\Google Drive\TCC\UAV-Coordinator\Coordinator\CommunicationLinks.cs:linha 459 : Invalid coordinates: None, None, None, None, None, 0 
25/02/2019 15:49:41 - System.FormatException: A cadeia de caracteres de entrada não estava em um formato correto.
   em System.Number.ParseDouble(String value, NumberStyles options, NumberFormatInfo numfmt)
   em System.Double.Parse(String s, IFormatProvider provider)
   em CoordinatorMap.Utils.ParseDouble(String str) na C:\Users\Victor Luiz Ferreira\Google Drive\TCC\UAV-Coordinator\Map\Utils\Parse.cs:linha 9
   em Coordinator.CommunicationLinks.UAVEstate(String t, String i, String p, String name) na C:\Users\Victor Luiz Ferreira\Google Drive\TCC\UAV-Coordinator\Coordinator\CommunicationLinks.cs:linha 459 : Invalid coordinates: None, None, None, None, None, 0 
